<?xml version="1.0" encoding="UTF-8"?>
<testsuites>
	<testsuite tests="3" errors="0" failures="0" time="0.007" timestamp="2016-04-30T13:28:18">
		<testcase classname="js-apis-lab" name="calling createGist calls the github api with a post" time="0.003">
		</testcase>
		<testcase classname="js-apis-lab" name="calling createGist sends the correct data" time="0.001">
		</testcase>
		<testcase classname="js-apis-lab" name="calling createGist calls done" time="0.001">
		</testcase>
	</testsuite>
</testsuites>

